
ROM used: 49 (2%)
          49 (2%) including unused fragments

          0 Average locations per line
          4 Average locations per statement

RAM used: 17 (8%) at main() level
          17 (8%) worst case

Stack used: 0 worst case (out of 8 total available)

Lines Stmts  %   Files
----- ----- ---  -----
   31    12 100  seq.c
  224     0   0  ..\..\..\PICC\devices\16F628A.h
----- -----
  255    12 Total

Page ROM  %  RAM   Vol Diff  Functions:
---- --- --- ---   --- ----  ----------
0     45  92   3   240  5.4  main

Program metrics:
    Functions               1
    Statements              12
    Comments                63
    Volume (V)              240
    Difficilty (D)          5.4
    Effort to implement (E) 1296
    Time to implement (T)   1 minutes
    Est Delivered Bugs (B)  0
    Cyclomatic Complexity   1
    Maintainability (MI)    89

 Segment     Used  Free
-----------  ----  ----
00000-00003     4  0  
00004-007FF    45  1999  



